Flutter crash report.
Please report a bug at https://github.com/flutter/flutter/issues.

## command

flutter --no-color pub get

## exception

_CastError: type 'Null' is not a subtype of type 'String' in type cast

```
#0      new WebPlugin.fromYaml (package:flutter_tools/src/platform_plugins.dart:547:40)
#1      new Plugin._fromMultiPlatformYaml (package:flutter_tools/src/plugins.dart:142:21)
#2      new Plugin.fromYaml (package:flutter_tools/src/plugins.dart:78:21)
#3      _pluginFromPackage (package:flutter_tools/src/flutter_plugins.dart:63:17)
#4      findPlugins (package:flutter_tools/src/flutter_plugins.dart:88:28)
<asynchronous suspension>
#5      refreshPluginsList (package:flutter_tools/src/flutter_plugins.dart:1080:32)
<asynchronous suspension>
#6      FlutterProject.ensureReadyForPlatformSpecificTooling (package:flutter_tools/src/project.dart:357:5)
<asynchronous suspension>
#7      PackagesGetCommand.runCommand (package:flutter_tools/src/commands/packages.dart:182:7)
<asynchronous suspension>
#8      FlutterCommand.run.<anonymous closure> (package:flutter_tools/src/runner/flutter_command.dart:1257:27)
<asynchronous suspension>
#9      AppContext.run.<anonymous closure> (package:flutter_tools/src/base/context.dart:150:19)
<asynchronous suspension>
#10     CommandRunner.runCommand (package:args/command_runner.dart:209:13)
<asynchronous suspension>
#11     FlutterCommandRunner.runCommand.<anonymous closure> (package:flutter_tools/src/runner/flutter_command_runner.dart:283:9)
<asynchronous suspension>
#12     AppContext.run.<anonymous closure> (package:flutter_tools/src/base/context.dart:150:19)
<asynchronous suspension>
#13     FlutterCommandRunner.runCommand (package:flutter_tools/src/runner/flutter_command_runner.dart:229:5)
<asynchronous suspension>
#14     run.<anonymous closure>.<anonymous closure> (package:flutter_tools/runner.dart:64:9)
<asynchronous suspension>
#15     AppContext.run.<anonymous closure> (package:flutter_tools/src/base/context.dart:150:19)
<asynchronous suspension>
#16     main (package:flutter_tools/executable.dart:91:3)
<asynchronous suspension>
```

## flutter doctor

```
[!] Flutter (Channel stable, 3.7.12, on macOS 13.5 22G74 darwin-arm64, locale en-EG)
    • Flutter version 3.7.12 on channel stable at /Users/aamin/Documents/flutter3.7.12
    ! Warning: `flutter` on your path resolves to /Users/aamin/Documents/flutter3.13.0/bin/flutter, which is not inside your current Flutter SDK checkout at /Users/aamin/Documents/flutter3.7.12. Consider adding /Users/aamin/Documents/flutter3.7.12/bin to the front of your path.
    ! Warning: `dart` on your path resolves to /Users/aamin/Documents/flutter3.13.0/bin/dart, which is not inside your current Flutter SDK checkout at /Users/aamin/Documents/flutter3.7.12. Consider adding /Users/aamin/Documents/flutter3.7.12/bin to the front of your path.
    • Upstream repository https://github.com/flutter/flutter.git
    • Framework revision 4d9e56e694 (5 months ago), 2023-04-17 21:47:46 -0400
    • Engine revision 1a65d409c7
    • Dart version 2.19.6
    • DevTools version 2.20.1
    • If those were intentional, you can disregard the above warnings; however it is recommended to use "git" directly to perform update checks and upgrades.

[✓] Android toolchain - develop for Android devices (Android SDK version 33.0.2)
    • Android SDK at /Users/aamin/Library/Android/sdk
    • Platform android-33, build-tools 33.0.2
    • Java binary at: /Applications/Android Studio.app/Contents/jbr/Contents/Home/bin/java
    • Java version OpenJDK Runtime Environment (build 11.0.15+0-b2043.56-8887301)
    • All Android licenses accepted.

[✓] Xcode - develop for iOS and macOS (Xcode 14.3.1)
    • Xcode at /Applications/Xcode.app/Contents/Developer
    • Build 14E300c
    • CocoaPods version 1.12.1

[✓] Chrome - develop for the web
    • Chrome at /Applications/Google Chrome.app/Contents/MacOS/Google Chrome

[✓] Android Studio (version 2022.1)
    • Android Studio at /Applications/Android Studio.app/Contents
    • Flutter plugin can be installed from:
      🔨 https://plugins.jetbrains.com/plugin/9212-flutter
    • Dart plugin can be installed from:
      🔨 https://plugins.jetbrains.com/plugin/6351-dart
    • Java version OpenJDK Runtime Environment (build 11.0.15+0-b2043.56-8887301)

[✓] IntelliJ IDEA Community Edition (version 2023.2)
    • IntelliJ at /Applications/IntelliJ IDEA CE.app
    • Flutter plugin can be installed from:
      🔨 https://plugins.jetbrains.com/plugin/9212-flutter
    • Dart plugin can be installed from:
      🔨 https://plugins.jetbrains.com/plugin/6351-dart

[✓] VS Code (version 1.82.1)
    • VS Code at /Applications/Visual Studio Code.app/Contents
    • Flutter extension version 3.72.0

[✓] Connected device (3 available)
    • iPhone (mobile) • 6f593b43d032f4edbc4d9d96885a1752d1b23cee • ios            • iOS 16.0.3 20A392
    • macOS (desktop) • macos                                    • darwin-arm64   • macOS 13.5 22G74 darwin-arm64
    • Chrome (web)    • chrome                                   • web-javascript • Google Chrome 117.0.5938.88
    ! Error: iPhone is busy: Fetching debug symbols for iPhone. Xcode will continue when iPhone is finished. (code -10)

[✓] HTTP Host Availability
    • All required HTTP hosts are available

! Doctor found issues in 1 category.
```
